#
# A fatal error has been detected by the Java Runtime Environment:
#
#  EXCEPTION_ACCESS_VIOLATION (0xc0000005) at pc=0x0000000034ba1066, pid=14916, tid=0x0000000000003ccc
#
# JRE version: Java(TM) SE Runtime Environment (8.0_191-b12) (build 1.8.0_191-b12)
# Java VM: Java HotSpot(TM) 64-Bit Server VM (25.191-b12 mixed mode windows-amd64 compressed oops)
# Problematic frame:
# C  [OpenAL64.dll+0x11066]
#
# Failed to write core dump. Minidumps are not enabled by default on client versions of Windows
#
# If you would like to submit a bug report, please visit:
#   http://bugreport.java.com/bugreport/crash.jsp
# The crash happened outside the Java Virtual Machine in native code.
# See problematic frame for where to report the bug.
#

---------------  T H R E A D  ---------------

Current thread (0x0000000033c97000):  JavaThread "Thread-6" [_thread_in_native, id=15564, stack(0x0000000046340000,0x0000000046440000)]

siginfo: ExceptionCode=0xc0000005, reading address 0x0000000036832004

Registers:
RAX=0x0000000000000004, RBX=0x0000000046640090, RCX=0x0000000036832008, RDX=0x0000000036832004
RSP=0x000000004643ee00, RBP=0x00000000000000ff, RSI=0x0000000036831cac, RDI=0x0000000000000000
R8 =0x00000000000000d6, R9 =0x0000000036831cac, R10=0x00000000021c8c3b, R11=0x0000000062ddcb30
R12=0x0000000000000001, R13=0x00000000461775b8, R14=0x000000004643ef98, R15=0x0000000033c97000
RIP=0x0000000034ba1066, EFLAGS=0x0000000000010202

Top of Stack: (sp=0x000000004643ee00)
0x000000004643ee00:   0000000000000000 0000000062c7e1fb
0x000000004643ee10:   0000000033c97000 0000000033c97000
0x000000004643ee20:   00000000461775b8 0000000000000000
0x000000004643ee30:   0000000033c97000 000000003682faa0
0x000000004643ee40:   00000000461775b8 000000004643ef98
0x000000004643ee50:   00000000315c2c40 0000000062c6c536
0x000000004643ee60:   000000004643f608 00000000319ef2d0
0x000000004643ee70:   0000000033c97000 000000004643ef98
0x000000004643ee80:   00000000461775b8 0000000000000000
0x000000004643ee90:   0000000036831cac 00000004c1f34e48
0x000000004643eea0:   000000004643ef60 0000000034ba248f
0x000000004643eeb0:   0000000046640090 0000000046640090
0x000000004643eec0:   000000000000ac44 0000000400000004
0x000000004643eed0:   0000000000000010 00000000021c8c67
0x000000004643eee0:   00000000461775b8 00000000021c899d
0x000000004643eef0:   0000000033c97000 00000000461775b8 

Instructions: (pc=0x0000000034ba1066)
0x0000000034ba1046:   41 2b ec 81 3a 03 00 02 00 75 09 8b 01 89 84 24
0x0000000034ba1056:   c8 00 00 00 49 83 c0 02 48 83 c1 08 4a 8d 14 86
0x0000000034ba1066:   39 3a 75 af 4c 8d 84 24 c0 00 00 00 48 8d 15 d7
0x0000000034ba1076:   2b 03 00 33 c9 e8 58 5f 00 00 b8 40 1f 00 00 4c 


Register to memory mapping:

RAX=0x0000000000000004 is an unknown value
RBX=0x0000000046640090 is an unknown value
RCX=0x0000000036832008 is an unknown value
RDX=0x0000000036832004 is an unknown value
RSP=0x000000004643ee00 is pointing into the stack for thread: 0x0000000033c97000
RBP=0x00000000000000ff is an unknown value
RSI=0x0000000036831cac is an unknown value
RDI=0x0000000000000000 is an unknown value
R8 =0x00000000000000d6 is an unknown value
R9 =0x0000000036831cac is an unknown value
R10=0x00000000021c8c3b is at code_begin+891 in an Interpreter codelet
method entry point (kind = native)  [0x00000000021c88c0, 0x00000000021c9280]  2496 bytes
R11=0x0000000062ddcb30 is an unknown value
R12=0x0000000000000001 is an unknown value
R13={method} {0x00000000461775c0} 'nalcCreateContext' '(JJ)J' in 'org/lwjgl/openal/ALC10'
R14=0x000000004643ef98 is pointing into the stack for thread: 0x0000000033c97000
R15=0x0000000033c97000 is a thread


Stack: [0x0000000046340000,0x0000000046440000],  sp=0x000000004643ee00,  free space=1019k
Native frames: (J=compiled Java code, j=interpreted, Vv=VM code, C=native code)
C  [OpenAL64.dll+0x11066]
C  [OpenAL64.dll+0x1248f]
C  0x00000000021c8c67

Java frames: (J=compiled Java code, j=interpreted, Vv=VM code)
j  org.lwjgl.openal.ALC10.nalcCreateContext(JJ)J+0
j  org.lwjgl.openal.ALC10.alcCreateContext(Lorg/lwjgl/openal/ALCdevice;Ljava/nio/IntBuffer;)Lorg/lwjgl/openal/ALCcontext;+8
j  org.lwjgl.openal.AL.init(Ljava/lang/String;IIZZ)V+69
j  org.lwjgl.openal.AL.create(Ljava/lang/String;IIZZ)V+246
j  org.lwjgl.openal.AL.create(Ljava/lang/String;IIZ)V+5
j  org.lwjgl.openal.AL.create()V+6
j  paulscode.sound.libraries.LibraryLWJGLOpenAL.init()V+2
j  paulscode.sound.SoundSystem.CommandNewLibrary(Ljava/lang/Class;)V+273
j  paulscode.sound.SoundSystem.CommandQueue(Lpaulscode/sound/CommandObject;)Z+1206
j  paulscode.sound.CommandThread.run()V+51
v  ~StubRoutines::call_stub

---------------  P R O C E S S  ---------------

Java Threads: ( => current thread )
  0x0000000033c9b800 JavaThread "Thread-7" [_thread_blocked, id=15896, stack(0x0000000046440000,0x0000000046540000)]
=>0x0000000033c97000 JavaThread "Thread-6" [_thread_in_native, id=15564, stack(0x0000000046340000,0x0000000046440000)]
  0x0000000033c98000 JavaThread "Sound Library Loader" [_thread_blocked, id=2840, stack(0x0000000046240000,0x0000000046340000)]
  0x0000000033c9c800 JavaThread "Keep-Alive-Timer" daemon [_thread_blocked, id=8112, stack(0x0000000043760000,0x0000000043860000)]
  0x0000000033ef7000 JavaThread "LWJGL Timer" daemon [_thread_blocked, id=14828, stack(0x00000000408e0000,0x00000000409e0000)]
  0x000000003552d800 JavaThread "Thread-3" [_thread_in_native, id=7148, stack(0x000000003c610000,0x000000003c710000)]
  0x0000000036b75000 JavaThread "Java2D Disposer" daemon [_thread_blocked, id=8048, stack(0x0000000037610000,0x0000000037710000)]
  0x0000000032720800 JavaThread "Timer hack thread" daemon [_thread_blocked, id=16168, stack(0x0000000034a90000,0x0000000034b90000)]
  0x0000000030e72000 JavaThread "Snooper Timer" daemon [_thread_blocked, id=8804, stack(0x00000000325c0000,0x00000000326c0000)]
  0x000000002fb79800 JavaThread "Service Thread" daemon [_thread_blocked, id=7792, stack(0x0000000030170000,0x0000000030270000)]
  0x000000002fb75800 JavaThread "C1 CompilerThread2" daemon [_thread_in_native, id=2212, stack(0x0000000030070000,0x0000000030170000)]
  0x000000002fb72800 JavaThread "C2 CompilerThread1" daemon [_thread_in_native, id=8916, stack(0x000000002ff70000,0x0000000030070000)]
  0x000000002e413800 JavaThread "C2 CompilerThread0" daemon [_thread_blocked, id=8928, stack(0x000000002fa70000,0x000000002fb70000)]
  0x000000002e411800 JavaThread "Attach Listener" daemon [_thread_blocked, id=9524, stack(0x000000002f970000,0x000000002fa70000)]
  0x000000002e410800 JavaThread "Signal Dispatcher" daemon [_thread_blocked, id=4336, stack(0x000000002f870000,0x000000002f970000)]
  0x000000002e3fa800 JavaThread "Finalizer" daemon [_thread_blocked, id=15748, stack(0x000000002f670000,0x000000002f770000)]
  0x0000000002143000 JavaThread "Reference Handler" daemon [_thread_blocked, id=9716, stack(0x000000002f570000,0x000000002f670000)]
  0x0000000002054000 JavaThread "Client thread" [_thread_in_native, id=1460, stack(0x0000000001f30000,0x0000000002030000)]

Other Threads:
  0x000000002e3d8000 VMThread [stack: 0x000000002f470000,0x000000002f570000] [id=7776]
  0x000000002fb8c800 WatcherThread [stack: 0x0000000030270000,0x0000000030370000] [id=2336]

VM state:not at safepoint (normal execution)

VM Mutex/Monitor currently owned by a thread: None

Heap:
 PSYoungGen      total 1693184K, used 419809K [0x00000006c0000000, 0x0000000743500000, 0x00000007c0000000)
  eden space 1611264K, 20% used [0x00000006c0000000,0x00000006d49fb750,0x0000000722580000)
  from space 81920K, 99% used [0x0000000722580000,0x000000072757d040,0x0000000727580000)
  to   space 92160K, 0% used [0x000000073db00000,0x000000073db00000,0x0000000743500000)
 ParOldGen       total 585728K, used 214411K [0x00000004c0000000, 0x00000004e3c00000, 0x00000006c0000000)
  object space 585728K, 36% used [0x00000004c0000000,0x00000004cd162ec8,0x00000004e3c00000)
 Metaspace       used 80111K, capacity 81970K, committed 82344K, reserved 1116160K
  class space    used 14355K, capacity 15149K, committed 15272K, reserved 1048576K

Card table byte_map: [0x0000000011570000,0x0000000012d80000] byte_map_base: 0x000000000ef70000

Marking Bits: (ParMarkBitMap*) 0x00000000633d3e30
 Begin Bits: [0x0000000014180000, 0x0000000020180000)
 End Bits:   [0x0000000020180000, 0x000000002c180000)

Polling page: 0x00000000005a0000

CodeCache: size=245760Kb used=22858Kb max_used=22872Kb free=222901Kb
 bounds [0x00000000021b0000, 0x0000000003830000, 0x00000000111b0000]
 total_blobs=7291 nmethods=6368 adapters=833
 compilation: enabled

Compilation events (10 events):
Event: 45.962 Thread 0x000000002fb72800 8547       4       com.google.gson.JsonElement::<init> (5 bytes)
Event: 45.964 Thread 0x000000002fb72800 nmethod 8547 0x00000000037f8810 code [0x00000000037f8940, 0x00000000037f8998]
Event: 45.965 Thread 0x000000002fb72800 8548       4       com.google.gson.JsonPrimitive::isPrimitiveOrString (55 bytes)
Event: 45.966 Thread 0x000000002fb75800 8549       3       com.google.gson.JsonObject::add (19 bytes)
Event: 45.967 Thread 0x000000002fb75800 nmethod 8549 0x0000000003804110 code [0x00000000038042a0, 0x0000000003804778]
Event: 45.967 Thread 0x000000002fb72800 nmethod 8548 0x00000000022b8cd0 code [0x00000000022b8e20, 0x00000000022b90b8]
Event: 45.967 Thread 0x000000002fb72800 8550       4       com.google.gson.JsonPrimitive::setValue (54 bytes)
Event: 45.970 Thread 0x000000002e413800 nmethod 8545 0x0000000003802fd0 code [0x0000000003803140, 0x0000000003803c08]
Event: 45.971 Thread 0x000000002fb72800 nmethod 8550 0x0000000003807f90 code [0x00000000038080e0, 0x0000000003808418]
Event: 45.971 Thread 0x000000002e413800 8551       4       java.util.stream.AbstractPipeline::sourceSpliterator (265 bytes)

GC Heap History (10 events):
Event: 32.068 GC heap before
{Heap before GC invocations=14 (full 2):
 PSYoungGen      total 1083392K, used 1042311K [0x00000006c0000000, 0x0000000717300000, 0x00000007c0000000)
  eden space 1005568K, 100% used [0x00000006c0000000,0x00000006fd600000,0x00000006fd600000)
  from space 77824K, 47% used [0x00000006fd600000,0x00000006ff9e1fb8,0x0000000702200000)
  to   space 75264K, 0% used [0x0000000712980000,0x0000000712980000,0x0000000717300000)
 ParOldGen       total 378368K, used 158743K [0x00000004c0000000, 0x00000004d7180000, 0x00000006c0000000)
  object space 378368K, 41% used [0x00000004c0000000,0x00000004c9b05ef8,0x00000004d7180000)
 Metaspace       used 50767K, capacity 51324K, committed 51752K, reserved 1093632K
  class space    used 7525K, capacity 7690K, committed 7720K, reserved 1048576K
Event: 32.164 GC heap after
Heap after GC invocations=14 (full 2):
 PSYoungGen      total 1350144K, used 58687K [0x00000006c0000000, 0x0000000719200000, 0x00000007c0000000)
  eden space 1274880K, 0% used [0x00000006c0000000,0x00000006c0000000,0x000000070dd00000)
  from space 75264K, 77% used [0x0000000712980000,0x00000007162cfe90,0x0000000717300000)
  to   space 78336K, 0% used [0x000000070dd00000,0x000000070dd00000,0x0000000712980000)
 ParOldGen       total 378368K, used 181511K [0x00000004c0000000, 0x00000004d7180000, 0x00000006c0000000)
  object space 378368K, 47% used [0x00000004c0000000,0x00000004cb141e90,0x00000004d7180000)
 Metaspace       used 50767K, capacity 51324K, committed 51752K, reserved 1093632K
  class space    used 7525K, capacity 7690K, committed 7720K, reserved 1048576K
}
Event: 36.618 GC heap before
{Heap before GC invocations=15 (full 2):
 PSYoungGen      total 1350144K, used 1123653K [0x00000006c0000000, 0x0000000719200000, 0x00000007c0000000)
  eden space 1274880K, 83% used [0x00000006c0000000,0x00000007010016e8,0x000000070dd00000)
  from space 75264K, 77% used [0x0000000712980000,0x00000007162cfe90,0x0000000717300000)
  to   space 78336K, 0% used [0x000000070dd00000,0x000000070dd00000,0x0000000712980000)
 ParOldGen       total 378368K, used 181511K [0x00000004c0000000, 0x00000004d7180000, 0x00000006c0000000)
  object space 378368K, 47% used [0x00000004c0000000,0x00000004cb141e90,0x00000004d7180000)
 Metaspace       used 58003K, capacity 58796K, committed 59160K, reserved 1099776K
  class space    used 9058K, capacity 9314K, committed 9384K, reserved 1048576K
Event: 36.684 GC heap after
Heap after GC invocations=15 (full 2):
 PSYoungGen      total 1353216K, used 36510K [0x00000006c0000000, 0x000000072cd80000, 0x00000007c0000000)
  eden space 1274880K, 0% used [0x00000006c0000000,0x00000006c0000000,0x000000070dd00000)
  from space 78336K, 46% used [0x000000070dd00000,0x00000007100a79c8,0x0000000712980000)
  to   space 75776K, 0% used [0x0000000728380000,0x0000000728380000,0x000000072cd80000)
 ParOldGen       total 378368K, used 221552K [0x00000004c0000000, 0x00000004d7180000, 0x00000006c0000000)
  object space 378368K, 58% used [0x00000004c0000000,0x00000004cd85c148,0x00000004d7180000)
 Metaspace       used 58003K, capacity 58796K, committed 59160K, reserved 1099776K
  class space    used 9058K, capacity 9314K, committed 9384K, reserved 1048576K
}
Event: 36.684 GC heap before
{Heap before GC invocations=16 (full 3):
 PSYoungGen      total 1353216K, used 36510K [0x00000006c0000000, 0x000000072cd80000, 0x00000007c0000000)
  eden space 1274880K, 0% used [0x00000006c0000000,0x00000006c0000000,0x000000070dd00000)
  from space 78336K, 46% used [0x000000070dd00000,0x00000007100a79c8,0x0000000712980000)
  to   space 75776K, 0% used [0x0000000728380000,0x0000000728380000,0x000000072cd80000)
 ParOldGen       total 378368K, used 221552K [0x00000004c0000000, 0x00000004d7180000, 0x00000006c0000000)
  object space 378368K, 58% used [0x00000004c0000000,0x00000004cd85c148,0x00000004d7180000)
 Metaspace       used 58003K, capacity 58796K, committed 59160K, reserved 1099776K
  class space    used 9058K, capacity 9314K, committed 9384K, reserved 1048576K
Event: 37.310 GC heap after
Heap after GC invocations=16 (full 3):
 PSYoungGen      total 1353216K, used 0K [0x00000006c0000000, 0x000000072cd80000, 0x00000007c0000000)
  eden space 1274880K, 0% used [0x00000006c0000000,0x00000006c0000000,0x000000070dd00000)
  from space 78336K, 0% used [0x000000070dd00000,0x000000070dd00000,0x0000000712980000)
  to   space 75776K, 0% used [0x0000000728380000,0x0000000728380000,0x000000072cd80000)
 ParOldGen       total 585728K, used 213588K [0x00000004c0000000, 0x00000004e3c00000, 0x00000006c0000000)
  object space 585728K, 36% used [0x00000004c0000000,0x00000004cd0950f8,0x00000004e3c00000)
 Metaspace       used 58003K, capacity 58796K, committed 59160K, reserved 1099776K
  class space    used 9058K, capacity 9314K, committed 9384K, reserved 1048576K
}
Event: 40.747 GC heap before
{Heap before GC invocations=17 (full 3):
 PSYoungGen      total 1353216K, used 1274880K [0x00000006c0000000, 0x000000072cd80000, 0x00000007c0000000)
  eden space 1274880K, 100% used [0x00000006c0000000,0x000000070dd00000,0x000000070dd00000)
  from space 78336K, 0% used [0x000000070dd00000,0x000000070dd00000,0x0000000712980000)
  to   space 75776K, 0% used [0x0000000728380000,0x0000000728380000,0x000000072cd80000)
 ParOldGen       total 585728K, used 213588K [0x00000004c0000000, 0x00000004e3c00000, 0x00000006c0000000)
  object space 585728K, 36% used [0x00000004c0000000,0x00000004cd0950f8,0x00000004e3c00000)
 Metaspace       used 69042K, capacity 70332K, committed 70440K, reserved 1107968K
  class space    used 11114K, capacity 11554K, committed 11560K, reserved 1048576K
Event: 40.800 GC heap after
Heap after GC invocations=17 (full 3):
 PSYoungGen      total 1654272K, used 67554K [0x00000006c0000000, 0x000000072c580000, 0x00000007c0000000)
  eden space 1586688K, 0% used [0x00000006c0000000,0x00000006c0000000,0x0000000720d80000)
  from space 67584K, 99% used [0x0000000728380000,0x000000072c578a68,0x000000072c580000)
  to   space 81920K, 0% used [0x0000000722580000,0x0000000722580000,0x0000000727580000)
 ParOldGen       total 585728K, used 213588K [0x00000004c0000000, 0x00000004e3c00000, 0x00000006c0000000)
  object space 585728K, 36% used [0x00000004c0000000,0x00000004cd0950f8,0x00000004e3c00000)
 Metaspace       used 69042K, capacity 70332K, committed 70440K, reserved 1107968K
  class space    used 11114K, capacity 11554K, committed 11560K, reserved 1048576K
}
Event: 43.943 GC heap before
{Heap before GC invocations=18 (full 3):
 PSYoungGen      total 1654272K, used 1654242K [0x00000006c0000000, 0x000000072c580000, 0x00000007c0000000)
  eden space 1586688K, 100% used [0x00000006c0000000,0x0000000720d80000,0x0000000720d80000)
  from space 67584K, 99% used [0x0000000728380000,0x000000072c578a68,0x000000072c580000)
  to   space 81920K, 0% used [0x0000000722580000,0x0000000722580000,0x0000000727580000)
 ParOldGen       total 585728K, used 213588K [0x00000004c0000000, 0x00000004e3c00000, 0x00000006c0000000)
  object space 585728K, 36% used [0x00000004c0000000,0x00000004cd0950f8,0x00000004e3c00000)
 Metaspace       used 79150K, capacity 80928K, committed 81192K, reserved 1116160K
  class space    used 14278K, capacity 15066K, committed 15144K, reserved 1048576K
Event: 43.999 GC heap after
Heap after GC invocations=18 (full 3):
 PSYoungGen      total 1693184K, used 81908K [0x00000006c0000000, 0x0000000743500000, 0x00000007c0000000)
  eden space 1611264K, 0% used [0x00000006c0000000,0x00000006c0000000,0x0000000722580000)
  from space 81920K, 99% used [0x0000000722580000,0x000000072757d040,0x0000000727580000)
  to   space 92160K, 0% used [0x000000073db00000,0x000000073db00000,0x0000000743500000)
 ParOldGen       total 585728K, used 214411K [0x00000004c0000000, 0x00000004e3c00000, 0x00000006c0000000)
  object space 585728K, 36% used [0x00000004c0000000,0x00000004cd162ec8,0x00000004e3c00000)
 Metaspace       used 79150K, capacity 80928K, committed 81192K, reserved 1116160K
  class space    used 14278K, capacity 15066K, committed 15144K, reserved 1048576K
}

Deoptimization events (10 events):
Event: 45.888 Thread 0x0000000002054000 Uncommon trap: reason=class_check action=maybe_recompile pc=0x00000000037db214 method=net.minecraft.util.ResourceLocation.equals(Ljava/lang/Object;)Z @ 8
Event: 45.929 Thread 0x0000000002054000 Uncommon trap: reason=unstable_if action=reinterpret pc=0x00000000026e6160 method=java.util.WeakHashMap.remove(Ljava/lang/Object;)Ljava/lang/Object; @ 94
Event: 45.939 Thread 0x0000000002054000 Uncommon trap: reason=unstable_if action=reinterpret pc=0x00000000036e842c method=com.google.common.collect.ImmutableSet.construct(I[Ljava/lang/Object;)Lcom/google/common/collect/ImmutableSet; @ 146
Event: 45.960 Thread 0x0000000002054000 Uncommon trap: reason=null_check action=make_not_entrant pc=0x00000000022b95bc method=com.google.gson.JsonPrimitive.isPrimitiveOrString(Ljava/lang/Object;)Z @ 39
Event: 45.960 Thread 0x0000000002054000 Uncommon trap: reason=null_check action=make_not_entrant pc=0x000000000375cf2c method=com.google.gson.JsonPrimitive.isPrimitiveOrString(Ljava/lang/Object;)Z @ 39
Event: 45.960 Thread 0x0000000002054000 Uncommon trap: reason=class_check action=maybe_recompile pc=0x00000000037b5898 method=com.google.gson.internal.bind.TypeAdapters$29.read(Lcom/google/gson/stream/JsonReader;)Lcom/google/gson/JsonElement; @ 102
Event: 45.961 Thread 0x0000000002054000 Uncommon trap: reason=class_check action=maybe_recompile pc=0x00000000037b5898 method=com.google.gson.internal.bind.TypeAdapters$29.read(Lcom/google/gson/stream/JsonReader;)Lcom/google/gson/JsonElement; @ 102
Event: 45.961 Thread 0x0000000002054000 Uncommon trap: reason=class_check action=maybe_recompile pc=0x00000000037b5898 method=com.google.gson.internal.bind.TypeAdapters$29.read(Lcom/google/gson/stream/JsonReader;)Lcom/google/gson/JsonElement; @ 102
Event: 45.961 Thread 0x0000000002054000 Uncommon trap: reason=class_check action=maybe_recompile pc=0x00000000037b5898 method=com.google.gson.internal.bind.TypeAdapters$29.read(Lcom/google/gson/stream/JsonReader;)Lcom/google/gson/JsonElement; @ 102
Event: 45.970 Thread 0x0000000002054000 Uncommon trap: reason=class_check action=maybe_recompile pc=0x00000000030a1650 method=com.google.common.collect.Lists.newArrayList(Ljava/lang/Iterable;)Ljava/util/ArrayList; @ 27

Classes redefined (0 events):
No events

Internal exceptions (10 events):
Event: 45.927 Thread 0x0000000033c97000 Exception <a 'java/security/PrivilegedActionException'> (0x00000006cf8d27f8) thrown at [C:\re\workspace\8-2-build-windows-amd64-cygwin\jdk8u191\11896\hotspot\src\share\vm\prims\jvm.cpp, line 1435]
Event: 45.927 Thread 0x0000000033c97000 Exception <a 'java/security/PrivilegedActionException'> (0x00000006cf8d3c80) thrown at [C:\re\workspace\8-2-build-windows-amd64-cygwin\jdk8u191\11896\hotspot\src\share\vm\prims\jvm.cpp, line 1435]
Event: 45.927 Thread 0x0000000033c97000 Exception <a 'java/security/PrivilegedActionException'> (0x00000006cf8d5280) thrown at [C:\re\workspace\8-2-build-windows-amd64-cygwin\jdk8u191\11896\hotspot\src\share\vm\prims\jvm.cpp, line 1435]
Event: 45.927 Thread 0x0000000002054000 Exception <a 'java/io/IOException'> (0x00000006d32222b8) thrown at [C:\re\workspace\8-2-build-windows-amd64-cygwin\jdk8u191\11896\hotspot\src\share\vm\prims\jni.cpp, line 709]
Event: 45.931 Thread 0x0000000002054000 Exception <a 'java/io/IOException'> (0x00000006d3277cb0) thrown at [C:\re\workspace\8-2-build-windows-amd64-cygwin\jdk8u191\11896\hotspot\src\share\vm\prims\jni.cpp, line 709]
Event: 45.934 Thread 0x0000000002054000 Exception <a 'java/io/IOException'> (0x00000006d32871b8) thrown at [C:\re\workspace\8-2-build-windows-amd64-cygwin\jdk8u191\11896\hotspot\src\share\vm\prims\jni.cpp, line 709]
Event: 45.948 Thread 0x0000000002054000 Exception <a 'java/io/IOException'> (0x00000006d3578e88) thrown at [C:\re\workspace\8-2-build-windows-amd64-cygwin\jdk8u191\11896\hotspot\src\share\vm\prims\jni.cpp, line 709]
Event: 45.950 Thread 0x0000000002054000 Exception <a 'java/io/IOException'> (0x00000006d3588f70) thrown at [C:\re\workspace\8-2-build-windows-amd64-cygwin\jdk8u191\11896\hotspot\src\share\vm\prims\jni.cpp, line 709]
Event: 45.952 Thread 0x0000000002054000 Exception <a 'java/io/IOException'> (0x00000006d35c29f8) thrown at [C:\re\workspace\8-2-build-windows-amd64-cygwin\jdk8u191\11896\hotspot\src\share\vm\prims\jni.cpp, line 709]
Event: 45.955 Thread 0x0000000002054000 Exception <a 'java/io/IOException'> (0x00000006d35d1d60) thrown at [C:\re\workspace\8-2-build-windows-amd64-cygwin\jdk8u191\11896\hotspot\src\share\vm\prims\jni.cpp, line 709]

Events (10 events):
Event: 45.968 loading class com/google/common/collect/Iterables$4 done
Event: 45.970 Thread 0x0000000002054000 Uncommon trap: trap_request=0xffffffde fr.pc=0x00000000030a1650
Event: 45.970 Thread 0x0000000002054000 DEOPT PACKING pc=0x00000000030a1650 sp=0x000000000202dbd0
Event: 45.970 Thread 0x0000000002054000 DEOPT UNPACKING pc=0x00000000021f583b sp=0x000000000202dba8 mode 2
Event: 45.970 loading class net/minecraftforge/client/model/ModelLoader$MultipartModel
Event: 45.970 loading class net/minecraftforge/client/model/ModelLoader$MultipartModel done
Event: 45.971 loading class org/lwjgl/openal/Util
Event: 45.971 loading class org/lwjgl/openal/Util done
Event: 45.971 loading class org/lwjgl/openal/OpenALException
Event: 45.971 loading class org/lwjgl/openal/OpenALException done


Dynamic libraries:
0x00007ff738af0000 - 0x00007ff738b27000 	C:\Program Files (x86)\Common Files\Oracle\Java\javapath\javaw.exe
0x00007ffa91b00000 - 0x00007ffa91cee000 	C:\WINDOWS\SYSTEM32\ntdll.dll
0x00007ffa57ff0000 - 0x00007ffa58002000 	C:\Program Files\AVAST Software\Avast\aswhook.dll
0x00007ffa8fe10000 - 0x00007ffa8fec2000 	C:\WINDOWS\System32\KERNEL32.DLL
0x00007ffa8ecf0000 - 0x00007ffa8ef95000 	C:\WINDOWS\System32\KERNELBASE.dll
0x00007ffa8cbc0000 - 0x00007ffa8cc4f000 	C:\WINDOWS\SYSTEM32\apphelp.dll
0x00007ffa91780000 - 0x00007ffa91822000 	C:\WINDOWS\System32\ADVAPI32.dll
0x00007ffa8fd70000 - 0x00007ffa8fe0e000 	C:\WINDOWS\System32\msvcrt.dll
0x00007ffa8fed0000 - 0x00007ffa8ff67000 	C:\WINDOWS\System32\sechost.dll
0x00007ffa90c20000 - 0x00007ffa90d3f000 	C:\WINDOWS\System32\RPCRT4.dll
0x00007ffa8fbd0000 - 0x00007ffa8fd68000 	C:\WINDOWS\System32\USER32.dll
0x00007ffa8f200000 - 0x00007ffa8f221000 	C:\WINDOWS\System32\win32u.dll
0x00007ffa918b0000 - 0x00007ffa918d6000 	C:\WINDOWS\System32\GDI32.dll
0x00007ffa8eab0000 - 0x00007ffa8ec44000 	C:\WINDOWS\System32\gdi32full.dll
0x00007ffa8ec50000 - 0x00007ffa8ecee000 	C:\WINDOWS\System32\msvcp_win.dll
0x00007ffa8fa80000 - 0x00007ffa8fb7a000 	C:\WINDOWS\System32\ucrtbase.dll
0x00007ffa83110000 - 0x00007ffa83395000 	C:\WINDOWS\WinSxS\amd64_microsoft.windows.common-controls_6595b64144ccf1df_6.0.18334.1_none_d1d9e725244dc0cc\COMCTL32.dll
0x00007ffa906a0000 - 0x00007ffa909d8000 	C:\WINDOWS\System32\combase.dll
0x00007ffa8f180000 - 0x00007ffa8f1ff000 	C:\WINDOWS\System32\bcryptPrimitives.dll
0x00007ffa90f80000 - 0x00007ffa90fae000 	C:\WINDOWS\System32\IMM32.DLL
0x0000000063460000 - 0x0000000063532000 	C:\Program Files\Java\jre1.8.0_191\bin\msvcr100.dll
0x0000000062bb0000 - 0x0000000063454000 	C:\Program Files\Java\jre1.8.0_191\bin\server\jvm.dll
0x00007ffa91700000 - 0x00007ffa91708000 	C:\WINDOWS\System32\PSAPI.DLL
0x00007ffa7e310000 - 0x00007ffa7e319000 	C:\WINDOWS\SYSTEM32\WSOCK32.dll
0x00007ffa91710000 - 0x00007ffa9177f000 	C:\WINDOWS\System32\WS2_32.dll
0x00007ffa8ca90000 - 0x00007ffa8cab4000 	C:\WINDOWS\SYSTEM32\WINMM.dll
0x00007ffa87580000 - 0x00007ffa8758a000 	C:\WINDOWS\SYSTEM32\VERSION.dll
0x00007ffa8c6f0000 - 0x00007ffa8c71d000 	C:\WINDOWS\SYSTEM32\WINMMBASE.dll
0x00007ffa8fb80000 - 0x00007ffa8fbcb000 	C:\WINDOWS\System32\cfgmgr32.dll
0x0000000064810000 - 0x000000006481f000 	C:\Program Files\Java\jre1.8.0_191\bin\verify.dll
0x0000000062b80000 - 0x0000000062ba9000 	C:\Program Files\Java\jre1.8.0_191\bin\java.dll
0x0000000062b60000 - 0x0000000062b76000 	C:\Program Files\Java\jre1.8.0_191\bin\zip.dll
0x00007ffa91010000 - 0x00007ffa916f3000 	C:\WINDOWS\System32\SHELL32.dll
0x00007ffa90ed0000 - 0x00007ffa90f79000 	C:\WINDOWS\System32\shcore.dll
0x00007ffa8f2e0000 - 0x00007ffa8fa5a000 	C:\WINDOWS\System32\windows.storage.dll
0x00007ffa8ea00000 - 0x00007ffa8ea1f000 	C:\WINDOWS\System32\profapi.dll
0x00007ffa8ea60000 - 0x00007ffa8eaaa000 	C:\WINDOWS\System32\powrprof.dll
0x00007ffa8e9f0000 - 0x00007ffa8ea00000 	C:\WINDOWS\System32\UMPDC.dll
0x00007ffa8ff70000 - 0x00007ffa8ffc2000 	C:\WINDOWS\System32\shlwapi.dll
0x00007ffa8ea20000 - 0x00007ffa8ea31000 	C:\WINDOWS\System32\kernel.appcore.dll
0x00007ffa8fa60000 - 0x00007ffa8fa77000 	C:\WINDOWS\System32\cryptsp.dll
0x0000000064800000 - 0x000000006480d000 	C:\Program Files\Java\jre1.8.0_191\bin\management.dll
0x0000000062b40000 - 0x0000000062b5a000 	C:\Program Files\Java\jre1.8.0_191\bin\net.dll
0x00007ffa8e260000 - 0x00007ffa8e2c7000 	C:\WINDOWS\system32\mswsock.dll
0x00007ffa781c0000 - 0x00007ffa781d6000 	C:\WINDOWS\system32\napinsp.dll
0x00007ffa76d40000 - 0x00007ffa76d5a000 	C:\WINDOWS\system32\pnrpnsp.dll
0x00007ffa8e000000 - 0x00007ffa8e0ca000 	C:\WINDOWS\SYSTEM32\DNSAPI.dll
0x00007ffa90c10000 - 0x00007ffa90c18000 	C:\WINDOWS\System32\NSI.dll
0x00007ffa8dfc0000 - 0x00007ffa8dffa000 	C:\WINDOWS\SYSTEM32\IPHLPAPI.DLL
0x00007ffa7dfe0000 - 0x00007ffa7dfee000 	C:\WINDOWS\System32\winrnr.dll
0x00007ffa8b150000 - 0x00007ffa8b16c000 	C:\WINDOWS\system32\NLAapi.dll
0x00007ffa76c50000 - 0x00007ffa76c65000 	C:\WINDOWS\system32\wshbth.dll
0x00007ffa82ec0000 - 0x00007ffa82eca000 	C:\Windows\System32\rasadhlp.dll
0x00007ffa84910000 - 0x00007ffa84987000 	C:\WINDOWS\System32\fwpuclnt.dll
0x00007ffa8f0f0000 - 0x00007ffa8f116000 	C:\WINDOWS\System32\bcrypt.dll
0x0000000062b20000 - 0x0000000062b31000 	C:\Program Files\Java\jre1.8.0_191\bin\nio.dll
0x00007ffa8de20000 - 0x00007ffa8de53000 	C:\WINDOWS\system32\rsaenh.dll
0x00007ffa8e910000 - 0x00007ffa8e935000 	C:\WINDOWS\SYSTEM32\USERENV.dll
0x00007ffa8e430000 - 0x00007ffa8e43c000 	C:\WINDOWS\SYSTEM32\CRYPTBASE.dll
0x00007ffa85030000 - 0x00007ffa85046000 	C:\WINDOWS\SYSTEM32\dhcpcsvc6.DLL
0x00007ffa85010000 - 0x00007ffa8502c000 	C:\WINDOWS\SYSTEM32\dhcpcsvc.DLL
0x0000000062b00000 - 0x0000000062b17000 	C:\Program Files\Java\jre1.8.0_191\bin\unpack.dll
0x0000000180000000 - 0x0000000180053000 	E:\Users\User\AppData\Roaming\.minecraft\MultiMC\instances\JimMiningWorm\natives\lwjgl64.dll
0x00007ffa52a50000 - 0x00007ffa52b9f000 	C:\WINDOWS\SYSTEM32\OPENGL32.dll
0x00007ffa53030000 - 0x00007ffa5305c000 	C:\WINDOWS\SYSTEM32\GLU32.dll
0x00007ffa8d690000 - 0x00007ffa8d6b0000 	C:\WINDOWS\SYSTEM32\dxcore.dll
0x0000000062900000 - 0x0000000062a99000 	C:\Program Files\Java\jre1.8.0_191\bin\awt.dll
0x00007ffa90da0000 - 0x00007ffa90e65000 	C:\WINDOWS\System32\OLEAUT32.dll
0x00007ffa8cda0000 - 0x00007ffa8ce3a000 	C:\WINDOWS\system32\uxtheme.dll
0x00007ffa918e0000 - 0x00007ffa91a17000 	C:\WINDOWS\System32\MSCTF.dll
0x0000000060630000 - 0x000000006286d000 	C:\WINDOWS\System32\DriverStore\FileRepository\nv_dispi.inf_amd64_c1a085cc86772d3f\nvoglv64.dll
0x00007ffa90080000 - 0x00007ffa904f0000 	C:\WINDOWS\System32\SETUPAPI.dll
0x00007ffa909e0000 - 0x00007ffa90b35000 	C:\WINDOWS\System32\ole32.dll
0x00007ffa8b530000 - 0x00007ffa8b543000 	C:\WINDOWS\SYSTEM32\WTSAPI32.dll
0x00007ffa8e7f0000 - 0x00007ffa8e81a000 	C:\WINDOWS\SYSTEM32\DEVOBJ.dll
0x00007ffa8f120000 - 0x00007ffa8f17c000 	C:\WINDOWS\System32\WINTRUST.dll
0x00007ffa8ea40000 - 0x00007ffa8ea52000 	C:\WINDOWS\System32\MSASN1.dll
0x00007ffa8efa0000 - 0x00007ffa8f0e9000 	C:\WINDOWS\System32\CRYPT32.dll
0x00007ffa8da80000 - 0x00007ffa8dab1000 	C:\WINDOWS\SYSTEM32\ntmarta.dll
0x00007ffa8d1c0000 - 0x00007ffa8d1ed000 	C:\WINDOWS\system32\dwmapi.dll
0x00007ffa67880000 - 0x00007ffa67b57000 	C:\WINDOWS\system32\nvspcap64.dll
0x00007ffa7c2c0000 - 0x00007ffa7c4b4000 	C:\WINDOWS\SYSTEM32\dbghelp.dll
0x00007ffa7c290000 - 0x00007ffa7c2ba000 	C:\WINDOWS\SYSTEM32\dbgcore.DLL
0x00007ffa893c0000 - 0x00007ffa8946e000 	C:\WINDOWS\SYSTEM32\mscms.dll
0x00007ffa893a0000 - 0x00007ffa893b6000 	C:\WINDOWS\SYSTEM32\ColorAdapterClient.dll
0x00007ffa5c050000 - 0x00007ffa5c093000 	C:\WINDOWS\SYSTEM32\icm32.dll
0x00007ffa8daf0000 - 0x00007ffa8db46000 	C:\WINDOWS\SYSTEM32\WINSTA.dll
0x00007ffa52f20000 - 0x00007ffa52f62000 	C:\Users\jtren\AppData\Local\Temp\jna-101461777\jna2890940885367535504.dll
0x00007ffa810b0000 - 0x00007ffa8114d000 	C:\WINDOWS\System32\TextInputFramework.dll
0x00007ffa89ee0000 - 0x00007ffa8a212000 	C:\WINDOWS\System32\CoreUIComponents.dll
0x00007ffa8c610000 - 0x00007ffa8c6e4000 	C:\WINDOWS\System32\CoreMessaging.dll
0x00007ffa8a490000 - 0x00007ffa8a5e2000 	C:\WINDOWS\SYSTEM32\wintypes.dll
0x00007ffa7fba0000 - 0x00007ffa7fe45000 	C:\WINDOWS\System32\iertutil.dll
0x0000000062ab0000 - 0x0000000062ad4000 	C:\Program Files\Java\jre1.8.0_191\bin\sunec.dll
0x0000000062aa0000 - 0x0000000062aab000 	C:\Program Files\Java\jre1.8.0_191\bin\sunmscapi.dll
0x0000000034b90000 - 0x0000000034bf4000 	E:\Users\User\AppData\Roaming\.minecraft\MultiMC\instances\JimMiningWorm\natives\OpenAL64.dll
0x00007ffa91a20000 - 0x00007ffa91ac2000 	C:\WINDOWS\System32\clbcatq.dll
0x00007ffa840b0000 - 0x00007ffa84128000 	C:\WINDOWS\System32\MMDevApi.dll
0x00007ffa4f890000 - 0x00007ffa4f929000 	C:\WINDOWS\SYSTEM32\dsound.dll
0x00007ffa84130000 - 0x00007ffa8428d000 	C:\WINDOWS\SYSTEM32\AUDIOSES.DLL

VM Arguments:
jvm_args: -XX:HeapDumpPath=MojangTricksIntelDriversForPerformance_javaw.exe_minecraft.exe.heapdump -Xms512m -Xmx12288m -Duser.language=en -Djava.library.path=E:/Users/User/AppData/Roaming/.minecraft/MultiMC/instances/JimMiningWorm/natives 
java_command: org.multimc.EntryPoint
java_class_path (initial): E:/Users/User/AppData/Roaming/.minecraft/MultiMC/jars/NewLaunch.jar;E:/Users/User/AppData/Roaming/.minecraft/MultiMC/libraries/net/java/jinput/jinput/2.0.5/jinput-2.0.5.jar;E:/Users/User/AppData/Roaming/.minecraft/MultiMC/libraries/net/java/jutils/jutils/1.0.0/jutils-1.0.0.jar;E:/Users/User/AppData/Roaming/.minecraft/MultiMC/libraries/org/lwjgl/lwjgl/lwjgl/2.9.4-nightly-20150209/lwjgl-2.9.4-nightly-20150209.jar;E:/Users/User/AppData/Roaming/.minecraft/MultiMC/libraries/org/lwjgl/lwjgl/lwjgl_util/2.9.4-nightly-20150209/lwjgl_util-2.9.4-nightly-20150209.jar;E:/Users/User/AppData/Roaming/.minecraft/MultiMC/libraries/com/mojang/patchy/1.1/patchy-1.1.jar;E:/Users/User/AppData/Roaming/.minecraft/MultiMC/libraries/oshi-project/oshi-core/1.1/oshi-core-1.1.jar;E:/Users/User/AppData/Roaming/.minecraft/MultiMC/libraries/net/java/dev/jna/jna/4.4.0/jna-4.4.0.jar;E:/Users/User/AppData/Roaming/.minecraft/MultiMC/libraries/net/java/dev/jna/platform/3.4.0/platform-3.4.0.jar;E:/Users/User/AppData/Roaming/.minecraft/MultiMC/libraries/com/ibm/icu/icu4j-core-mojang/51.2/icu4j-core-mojang-51.2.jar;E:/Users/User/AppData/Roaming/.minecraft/MultiMC/libraries/net/sf/jopt-simple/jopt-simple/5.0.3/jopt-simple-5.0.3.jar;E:/Users/User/AppData/Roaming/.minecraft/MultiMC/libraries/com/paulscode/codecjorbis/20101023/codecjorbis-20101023.jar;E:/Users/User/AppData/Roaming/.minecraft/MultiMC/libraries/com/paulscode/codecwav/20101023/codecwav-20101023.jar;E:/Users/User/AppData/Roaming/.minecraft/MultiMC/libraries/com/paulscode/libraryjavasound/20101123/libraryjavasound-20101123.jar;E:/Users/User/AppData/Roaming/.minecraft/MultiMC/libraries/com/paulscode/librarylwjglopenal/20100824/librarylwjglopenal-20100824.jar;E:/Users/User/AppData/Roaming/.minecraft/MultiMC/libraries/com/paulscode/soundsystem/20120107/soundsystem-20120107.jar;E:/Users/User/AppData/Roaming/.minecraft/MultiMC/libraries/io/netty/netty-all/4.1.9.Final/netty-all-4.1.9.Final.jar;E:/Users/User/AppData/Roaming/.
Launcher Type: SUN_STANDARD

Environment Variables:
PATH=C:\Program Files (x86)\Python37-32\Scripts\;C:\Program Files (x86)\Python37-32\;C:\Program Files (x86)\Common Files\Oracle\Java\javapath;C:\WINDOWS\system32;C:\WINDOWS;C:\WINDOWS\System32\Wbem;C:\WINDOWS\System32\WindowsPowerShell\v1.0\;C:\WINDOWS\System32\OpenSSH\;C:\Program Files\Git\cmd;C:\Program Files\Gource\cmd;C:\Program Files\NVIDIA Corporation\NVIDIA NvDLISR;C:\Program Files (x86)\NVIDIA Corporation\PhysX\Common;C:\WINDOWS\system32;C:\WINDOWS;C:\WINDOWS\System32\Wbem;C:\WINDOWS\System32\WindowsPowerShell\v1.0\;C:\WINDOWS\System32\OpenSSH\;C:\Program Files\nodejs\;C:\Program Files\dotnet\;C:\Program Files\Microsoft SQL Server\130\Tools\Binn\;C:\Users\jtren\AppData\Local\Microsoft\WindowsApps;C:\Users\jtren\AppData\Roaming\npm;
USERNAME=jtren
OS=Windows_NT
PROCESSOR_IDENTIFIER=Intel64 Family 6 Model 42 Stepping 7, GenuineIntel



---------------  S Y S T E M  ---------------

OS: Windows 10.0 , 64 bit Build 18334 (10.0.18334.1)

CPU:total 4 (initial active 4) (4 cores per cpu, 1 threads per core) family 6 model 42 stepping 7, cmov, cx8, fxsr, mmx, sse, sse2, sse3, ssse3, sse4.1, sse4.2, popcnt, avx, aes, clmul, tsc, tscinvbit

Memory: 4k page, physical 16749244k(6388444k free), swap 33526460k(18948432k free)

vm_info: Java HotSpot(TM) 64-Bit Server VM (25.191-b12) for windows-amd64 JRE (1.8.0_191-b12), built on Oct  6 2018 09:29:03 by "java_re" with MS VC++ 10.0 (VS2010)

time: Sat Feb 23 19:52:40 2019
elapsed time: 46 seconds (0d 0h 0m 46s)

